0 info it worked if it ends with ok
1 verbose cli [ '/home/cmm/local/node/bin/node',
1 verbose cli   '/home/cmm/local/node/bin/npm',
1 verbose cli   'install',
1 verbose cli   'debug',
1 verbose cli   '-g' ]
2 info using npm@1.4.28
3 info using node@v0.10.32
4 verbose cache add [ 'debug', null ]
5 verbose cache add name=undefined spec="debug" args=["debug",null]
6 verbose parsed url { protocol: null,
6 verbose parsed url   slashes: null,
6 verbose parsed url   auth: null,
6 verbose parsed url   host: null,
6 verbose parsed url   port: null,
6 verbose parsed url   hostname: null,
6 verbose parsed url   hash: null,
6 verbose parsed url   search: null,
6 verbose parsed url   query: null,
6 verbose parsed url   pathname: 'debug',
6 verbose parsed url   path: 'debug',
6 verbose parsed url   href: 'debug' }
7 silly lockFile 32faaeca-debug debug
8 verbose lock debug /home/cmm/.npm/32faaeca-debug.lock
9 silly lockFile 32faaeca-debug debug
10 silly lockFile 32faaeca-debug debug
11 verbose addNamed [ 'debug', '' ]
12 verbose addNamed [ null, '*' ]
13 silly lockFile a36d5671-debug debug@
14 verbose lock debug@ /home/cmm/.npm/a36d5671-debug.lock
15 silly addNameRange { name: 'debug', range: '*', hasData: false }
16 verbose request where is /debug
17 verbose request registry https://registry.npmjs.org/
18 verbose request id be70eca3ed7fb73a
19 verbose url raw /debug
20 verbose url resolving [ 'https://registry.npmjs.org/', './debug' ]
21 verbose url resolved https://registry.npmjs.org/debug
22 verbose request where is https://registry.npmjs.org/debug
23 info trying registry request attempt 1 at 12:07:33
24 verbose etag "6PC9ACU94MMFRFIDRJZ0Y3J6A"
25 http GET https://registry.npmjs.org/debug
26 http 200 https://registry.npmjs.org/debug
27 silly registry.get cb [ 200,
27 silly registry.get   { date: 'Thu, 04 Dec 2014 04:07:32 GMT',
27 silly registry.get     server: 'CouchDB/1.5.0 (Erlang OTP/R16B03)',
27 silly registry.get     etag: '"57WL6BOFFHV27PP9K311DRHD1"',
27 silly registry.get     'content-type': 'application/json',
27 silly registry.get     'cache-control': 'max-age=60',
27 silly registry.get     'content-length': '28294',
27 silly registry.get     'accept-ranges': 'bytes',
27 silly registry.get     via: '1.1 varnish',
27 silly registry.get     age: '34',
27 silly registry.get     'x-served-by': 'cache-ty68-TYO',
27 silly registry.get     'x-cache': 'HIT',
27 silly registry.get     'x-cache-hits': '53',
27 silly registry.get     'x-timer': 'S1417666052.753806,VS0,VE0',
27 silly registry.get     vary: 'Accept',
27 silly registry.get     'keep-alive': 'timeout=10, max=50',
27 silly registry.get     connection: 'Keep-Alive' } ]
28 silly addNameRange number 2 { name: 'debug', range: '*', hasData: true }
29 silly addNameRange versions [ 'debug',
29 silly addNameRange   [ '0.0.1',
29 silly addNameRange     '0.1.0',
29 silly addNameRange     '0.2.0',
29 silly addNameRange     '0.3.0',
29 silly addNameRange     '0.4.0',
29 silly addNameRange     '0.4.1',
29 silly addNameRange     '0.5.0',
29 silly addNameRange     '0.6.0',
29 silly addNameRange     '0.7.0',
29 silly addNameRange     '0.7.1',
29 silly addNameRange     '0.7.2',
29 silly addNameRange     '0.7.3',
29 silly addNameRange     '0.7.4',
29 silly addNameRange     '0.8.0',
29 silly addNameRange     '0.8.1',
29 silly addNameRange     '1.0.0',
29 silly addNameRange     '1.0.1',
29 silly addNameRange     '1.0.2',
29 silly addNameRange     '1.0.3',
29 silly addNameRange     '1.0.4',
29 silly addNameRange     '2.0.0',
29 silly addNameRange     '2.1.0' ] ]
30 verbose addNamed [ 'debug', '2.1.0' ]
31 verbose addNamed [ '2.1.0', '2.1.0' ]
32 silly lockFile ecfe62ac-debug-2-1-0 debug@2.1.0
33 verbose lock debug@2.1.0 /home/cmm/.npm/ecfe62ac-debug-2-1-0.lock
34 silly lockFile ecfe62ac-debug-2-1-0 debug@2.1.0
35 silly lockFile ecfe62ac-debug-2-1-0 debug@2.1.0
36 silly lockFile a36d5671-debug debug@
37 silly lockFile a36d5671-debug debug@
38 silly resolved [ { name: 'debug',
38 silly resolved     version: '2.1.0',
38 silly resolved     repository: { type: 'git', url: 'git://github.com/visionmedia/debug.git' },
38 silly resolved     description: 'small debugging utility',
38 silly resolved     keywords: [ 'debug', 'log', 'debugger' ],
38 silly resolved     author: { name: 'TJ Holowaychuk', email: 'tj@vision-media.ca' },
38 silly resolved     contributors: [ [Object] ],
38 silly resolved     license: 'MIT',
38 silly resolved     dependencies: { ms: '0.6.2' },
38 silly resolved     devDependencies: { browserify: '6.1.0', mocha: '*' },
38 silly resolved     main: './node.js',
38 silly resolved     browser: './browser.js',
38 silly resolved     component: { scripts: [Object] },
38 silly resolved     gitHead: '953162b4fa8849268d147f4bac91c737baee55bb',
38 silly resolved     bugs: { url: 'https://github.com/visionmedia/debug/issues' },
38 silly resolved     homepage: 'https://github.com/visionmedia/debug',
38 silly resolved     _id: 'debug@2.1.0',
38 silly resolved     scripts: {},
38 silly resolved     _shasum: '33ab915659d8c2cc8a41443d94d6ebd37697ed21',
38 silly resolved     _from: 'debug@',
38 silly resolved     _npmVersion: '2.1.3',
38 silly resolved     _nodeVersion: '0.10.32',
38 silly resolved     _npmUser: { name: 'tootallnate', email: 'nathan@tootallnate.net' },
38 silly resolved     maintainers: [ [Object], [Object] ],
38 silly resolved     dist:
38 silly resolved      { shasum: '33ab915659d8c2cc8a41443d94d6ebd37697ed21',
38 silly resolved        tarball: 'http://registry.npmjs.org/debug/-/debug-2.1.0.tgz' },
38 silly resolved     directories: {},
38 silly resolved     _resolved: 'https://registry.npmjs.org/debug/-/debug-2.1.0.tgz',
38 silly resolved     readme: 'ERROR: No README data found!' } ]
39 info install debug@2.1.0 into /home/cmm/local/node/lib
40 info installOne debug@2.1.0
41 verbose lib/node_modules/debug unbuild
42 verbose tar unpack /home/cmm/.npm/debug/2.1.0/package.tgz
43 silly lockFile 3e0600c2-ocal-node-lib-node-modules-debug tar:///home/cmm/local/node/lib/node_modules/debug
44 verbose lock tar:///home/cmm/local/node/lib/node_modules/debug /home/cmm/.npm/3e0600c2-ocal-node-lib-node-modules-debug.lock
45 silly lockFile 5a7527ec--cmm-npm-debug-2-1-0-package-tgz tar:///home/cmm/.npm/debug/2.1.0/package.tgz
46 verbose lock tar:///home/cmm/.npm/debug/2.1.0/package.tgz /home/cmm/.npm/5a7527ec--cmm-npm-debug-2-1-0-package-tgz.lock
47 silly gunzTarPerm modes [ '775', '664' ]
48 error Error: EACCES, mkdir '/home/cmm/local/node/lib/node_modules/debug'
48 error  { [Error: EACCES, mkdir '/home/cmm/local/node/lib/node_modules/debug']
48 error   errno: 3,
48 error   code: 'EACCES',
48 error   path: '/home/cmm/local/node/lib/node_modules/debug',
48 error   fstream_type: 'Directory',
48 error   fstream_path: '/home/cmm/local/node/lib/node_modules/debug',
48 error   fstream_class: 'DirWriter',
48 error   fstream_stack:
48 error    [ '/home/cmm/local/node/lib/node_modules/npm/node_modules/fstream/lib/dir-writer.js:36:23',
48 error      '/home/cmm/local/node/lib/node_modules/npm/node_modules/mkdirp/index.js:46:53',
48 error      'Object.oncomplete (fs.js:107:15)' ] }
49 error Please try running this command again as root/Administrator.
50 error System Linux 3.2.0-72-generic-pae
51 error command "/home/cmm/local/node/bin/node" "/home/cmm/local/node/bin/npm" "install" "debug" "-g"
52 error cwd /home/cmm/Documents/exercise1/NourritureTeam16
53 error node -v v0.10.32
54 error npm -v 1.4.28
55 error path /home/cmm/local/node/lib/node_modules/debug
56 error fstream_path /home/cmm/local/node/lib/node_modules/debug
57 error fstream_type Directory
58 error fstream_class DirWriter
59 error code EACCES
60 error errno 3
61 error stack Error: EACCES, mkdir '/home/cmm/local/node/lib/node_modules/debug'
62 error fstream_stack /home/cmm/local/node/lib/node_modules/npm/node_modules/fstream/lib/dir-writer.js:36:23
62 error fstream_stack /home/cmm/local/node/lib/node_modules/npm/node_modules/mkdirp/index.js:46:53
62 error fstream_stack Object.oncomplete (fs.js:107:15)
63 verbose exit [ 3, true ]
